<?xml version="1.0" encoding="UTF-8"?>
<!-- Generated by org.testng.reporters.JUnitReportReporter -->
<testsuite hostname="DESKTOP-G9DF0PR" failures="0" tests="1" name="com.testng.practiceTest.TestNgPractice1Test" time="0.199" errors="0" timestamp="31 May 2022 05:56:30 GMT" skipped="0">
  <testcase classname="com.testng.practiceTest.TestNgPractice1Test" name="practice1Test" time="0.199"/>
</testsuite> <!-- com.testng.practiceTest.TestNgPractice1Test -->
